<?xml version="1.0" encoding="UTF-8"?>
<!-- Generated by org.testng.reporters.JUnitReportReporter -->
<testsuite hostname="LAPTOP-UDR9LEGE" failures="0" tests="1" name="Test01_GET" time="9.340" errors="0" timestamp="2022-08-03T16:30:25 IST" skipped="0">
  <testcase classname="Test01_GET" name="test_01" time="9.340"/>
  <system-out/>
</testsuite> <!-- Test01_GET -->
